<?xml version="1.0" encoding="UTF-8"?>
<!-- Generated by org.testng.reporters.JUnitXMLReporter -->
<testsuite ignored="0" hostname="DESKTOP-D7FC95S" failures="1" tests="3" name="Tests" time="45.126" errors="0" timestamp="2022-10-11T20:37:55 CEST">
  <testcase classname="tests.LoginTest" name="login" time="7.613">
    <skipped/>
  </testcase> <!-- login -->
  <testcase classname="tests.LoginTest" name="login" time="7.629">
    <skipped/>
  </testcase> <!-- login -->
  <testcase classname="tests.LoginTest" name="login" time="5.675">
    <failure type="java.lang.AssertionError" message="expected [Sign ou] but found [Sign out]">
      <![CDATA[java.lang.AssertionError: expected [Sign ou] but found [Sign out]
at pages.BasePage.assertStringEquals(BasePage.java:40)
at pages.UserLoggedInPage.verifyLogin(UserLoggedInPage.java:17)
at tests.LoginTest.login(LoginTest.java:14)
at java.base/java.util.concurrent.ThreadPoolExecutor.runWorker(ThreadPoolExecutor.java:1136)
at java.base/java.util.concurrent.ThreadPoolExecutor$Worker.run(ThreadPoolExecutor.java:635)
at java.base/java.lang.Thread.run(Thread.java:833)
... Removed 16 stack frames]]>
    </failure>
  </testcase> <!-- login -->
</testsuite> <!-- Tests -->
